<?xml version="1.0" encoding="UTF-8"?>
<!-- Generated by org.testng.reporters.JUnitReportReporter -->
<testsuite skipped="0" hostname="DESKTOP-TI4FV56" name="com.newland.boss.cib.crmp.settle.CallListControllerTest" tests="1" failures="0" timestamp="13 五月 2020 08:33:15 GMT" time="1.462" errors="0">
  <testcase name="testQueryCallList" time="1.462" classname="com.newland.boss.cib.crmp.settle.CallListControllerTest"/>
</testsuite> <!-- com.newland.boss.cib.crmp.settle.CallListControllerTest -->
