<?xml version="1.0" encoding="UTF-8"?>
<!-- Generated by org.testng.reporters.JUnitReportReporter -->
<testsuite skipped="0" hostname="DESKTOP-TI4FV56" name="com.newland.boss.cib.crmp.settle.AnalysisControllerTest" tests="12" failures="0" timestamp="13 五月 2020 08:33:15 GMT" time="1.207" errors="0">
  <testcase name="testBillSummingUsrDay" time="0.147" classname="com.newland.boss.cib.crmp.settle.AnalysisControllerTest"/>
  <testcase name="testGetFeeAnalysisBar2" time="0.223" classname="com.newland.boss.cib.crmp.settle.AnalysisControllerTest"/>
  <testcase name="billSummingUsrDayServiceTest" time="0.085" classname="com.newland.boss.cib.crmp.settle.AnalysisControllerTest"/>
  <testcase name="testGetFeeAnalysisPie1" time="0.018" classname="com.newland.boss.cib.crmp.settle.AnalysisControllerTest"/>
  <testcase name="testGetFeeAnalysisLine" time="0.018" classname="com.newland.boss.cib.crmp.settle.AnalysisControllerTest"/>
  <testcase name="testGetFeeAnalysisPie2" time="0.016" classname="com.newland.boss.cib.crmp.settle.AnalysisControllerTest"/>
  <testcase name="testGetFeeAnalysisLine2" time="0.049" classname="com.newland.boss.cib.crmp.settle.AnalysisControllerTest"/>
  <testcase name="testGetFeeAnalysisLine1" time="0.031" classname="com.newland.boss.cib.crmp.settle.AnalysisControllerTest"/>
  <testcase name="testGetFeeAnalysisPie" time="0.063" classname="com.newland.boss.cib.crmp.settle.AnalysisControllerTest"/>
  <testcase name="testGetFeeAnalysisBar1" time="0.048" classname="com.newland.boss.cib.crmp.settle.AnalysisControllerTest"/>
  <testcase name="testGetFeeAnalysisBar" time="0.484" classname="com.newland.boss.cib.crmp.settle.AnalysisControllerTest"/>
  <testcase name="testBillSummingOrgDay" time="0.025" classname="com.newland.boss.cib.crmp.settle.AnalysisControllerTest"/>
</testsuite> <!-- com.newland.boss.cib.crmp.settle.AnalysisControllerTest -->
