<?xml version="1.0" encoding="UTF-8"?>
<!-- Generated by org.testng.reporters.JUnitReportReporter -->
<testsuite skipped="0" hostname="DESKTOP-TI4FV56" name="com.newland.boss.cib.crmp.settle.ReportControllerTest" tests="32" failures="0" timestamp="13 五月 2020 08:33:15 GMT" time="1.052" errors="0">
  <testcase name="testPreviewReport6" time="0.017" classname="com.newland.boss.cib.crmp.settle.ReportControllerTest"/>
  <testcase name="batchQueryTest" time="0.192" classname="com.newland.boss.cib.crmp.settle.ReportControllerTest"/>
  <testcase name="testQueryNotActiveUserList" time="0.020" classname="com.newland.boss.cib.crmp.settle.ReportControllerTest"/>
  <testcase name="testPreviewReport" time="0.011" classname="com.newland.boss.cib.crmp.settle.ReportControllerTest"/>
  <testcase name="testPreviewReport1" time="0.021" classname="com.newland.boss.cib.crmp.settle.ReportControllerTest"/>
  <testcase name="testQueryFeeList3" time="0.007" classname="com.newland.boss.cib.crmp.settle.ReportControllerTest"/>
  <testcase name="downloadExcelTest" time="0.011" classname="com.newland.boss.cib.crmp.settle.ReportControllerTest"/>
  <testcase name="testExportExcel6" time="0.029" classname="com.newland.boss.cib.crmp.settle.ReportControllerTest"/>
  <testcase name="testQueryTopNList" time="0.019" classname="com.newland.boss.cib.crmp.settle.ReportControllerTest"/>
  <testcase name="testPreviewReport2" time="0.026" classname="com.newland.boss.cib.crmp.settle.ReportControllerTest"/>
  <testcase name="stringToIntegerArrTest" time="0.039" classname="com.newland.boss.cib.crmp.settle.ReportControllerTest"/>
  <testcase name="queryDeptFeeListTest" time="0.078" classname="com.newland.boss.cib.crmp.settle.ReportControllerTest"/>
  <testcase name="queryDeptFeeListTest1" time="0.016" classname="com.newland.boss.cib.crmp.settle.ReportControllerTest"/>
  <testcase name="testPreviewReport8" time="0.034" classname="com.newland.boss.cib.crmp.settle.ReportControllerTest"/>
  <testcase name="testQueryThresholdList1" time="0.018" classname="com.newland.boss.cib.crmp.settle.ReportControllerTest"/>
  <testcase name="testPreviewReport7" time="0.014" classname="com.newland.boss.cib.crmp.settle.ReportControllerTest"/>
  <testcase name="testQueryFeeList2" time="0.014" classname="com.newland.boss.cib.crmp.settle.ReportControllerTest"/>
  <testcase name="testExportExcel" time="0.029" classname="com.newland.boss.cib.crmp.settle.ReportControllerTest"/>
  <testcase name="testQueryFeeList1" time="0.025" classname="com.newland.boss.cib.crmp.settle.ReportControllerTest"/>
  <testcase name="testPreviewReport4" time="0.034" classname="com.newland.boss.cib.crmp.settle.ReportControllerTest"/>
  <testcase name="testExportExcel2" time="0.017" classname="com.newland.boss.cib.crmp.settle.ReportControllerTest"/>
  <testcase name="testExportExcel4" time="0.014" classname="com.newland.boss.cib.crmp.settle.ReportControllerTest"/>
  <testcase name="testQueryThresholdList" time="0.014" classname="com.newland.boss.cib.crmp.settle.ReportControllerTest"/>
  <testcase name="testExportExcel5" time="0.017" classname="com.newland.boss.cib.crmp.settle.ReportControllerTest"/>
  <testcase name="testPreviewReport3" time="0.067" classname="com.newland.boss.cib.crmp.settle.ReportControllerTest"/>
  <testcase name="testQueryTopNList1" time="0.017" classname="com.newland.boss.cib.crmp.settle.ReportControllerTest"/>
  <testcase name="testQueryNotActiveUserList1" time="0.020" classname="com.newland.boss.cib.crmp.settle.ReportControllerTest"/>
  <testcase name="testExportExcel1" time="0.014" classname="com.newland.boss.cib.crmp.settle.ReportControllerTest"/>
  <testcase name="jsonToIntegerArrayTest" time="0.156" classname="com.newland.boss.cib.crmp.settle.ReportControllerTest"/>
  <testcase name="testExportExcel3" time="0.028" classname="com.newland.boss.cib.crmp.settle.ReportControllerTest"/>
  <testcase name="testQueryFeeList" time="0.013" classname="com.newland.boss.cib.crmp.settle.ReportControllerTest"/>
  <testcase name="testPreviewReport5" time="0.021" classname="com.newland.boss.cib.crmp.settle.ReportControllerTest"/>
</testsuite> <!-- com.newland.boss.cib.crmp.settle.ReportControllerTest -->
