<?xml version="1.0" encoding="UTF-8"?>
<!-- Generated by org.testng.reporters.JUnitReportReporter -->
<testsuite skipped="0" hostname="DESKTOP-TI4FV56" name="com.newland.boss.kpi.AppTest" tests="1" failures="0" timestamp="13 五月 2020 08:31:16 GMT" time="0.019" errors="0">
  <testcase name="test" time="0.019" classname="com.newland.boss.kpi.AppTest"/>
</testsuite> <!-- com.newland.boss.kpi.AppTest -->
