<?xml version="1.0" encoding="UTF-8"?>
<!-- Generated by org.testng.reporters.JUnitReportReporter -->
<testsuite skipped="0" hostname="DESKTOP-TI4FV56" name="com.newland.boss.kpi.admin.OperatorAuthControllerTest" tests="4" failures="0" timestamp="13 五月 2020 08:31:39 GMT" time="0.370" errors="0">
  <testcase name="testShowAnOperatorAuth" time="0.013" classname="com.newland.boss.kpi.admin.OperatorAuthControllerTest"/>
  <testcase name="testRemoveOperatorAuth" time="0.267" classname="com.newland.boss.kpi.admin.OperatorAuthControllerTest"/>
  <testcase name="testEditOperatorAuth" time="0.078" classname="com.newland.boss.kpi.admin.OperatorAuthControllerTest"/>
  <testcase name="testShowOperAuthByOperId" time="0.012" classname="com.newland.boss.kpi.admin.OperatorAuthControllerTest"/>
</testsuite> <!-- com.newland.boss.kpi.admin.OperatorAuthControllerTest -->
