<?xml version="1.0" encoding="UTF-8"?>
<!-- Generated by org.testng.reporters.JUnitReportReporter -->
<testsuite skipped="0" hostname="DESKTOP-TI4FV56" name="com.newland.boss.kpi.admin.util.MD5UtilTest" tests="1" failures="0" timestamp="13 五月 2020 08:31:39 GMT" time="0.001" errors="0">
  <testcase name="f" time="0.001" classname="com.newland.boss.kpi.admin.util.MD5UtilTest"/>
</testsuite> <!-- com.newland.boss.kpi.admin.util.MD5UtilTest -->
