<?xml version="1.0" encoding="UTF-8"?>
<!-- Generated by org.testng.reporters.JUnitReportReporter -->
<testsuite skipped="0" hostname="DESKTOP-TI4FV56" name="com.newland.boss.kpi.controller.DictDefControllerTestng" tests="2" failures="0" timestamp="13 五月 2020 08:31:27 GMT" time="0.215" errors="0">
  <testcase name="testGetDictDefByDictClass" time="0.209" classname="com.newland.boss.kpi.controller.DictDefControllerTestng"/>
  <testcase name="testGetDictDefByDictClassAndEntryId" time="0.006" classname="com.newland.boss.kpi.controller.DictDefControllerTestng"/>
</testsuite> <!-- com.newland.boss.kpi.controller.DictDefControllerTestng -->
