<?xml version="1.0" encoding="UTF-8"?>
<!-- Generated by org.testng.reporters.JUnitReportReporter -->
<testsuite skipped="0" hostname="DESKTOP-TI4FV56" name="com.newland.boss.cib.crmp.rule.settleRuleControllerTest" tests="10" failures="0" timestamp="13 五月 2020 08:32:53 GMT" time="1.257" errors="0">
  <testcase name="testModifySettleApportionRuleStatus" time="0.037" classname="com.newland.boss.cib.crmp.rule.settleRuleControllerTest"/>
  <testcase name="ExcelParseException" time="0.009" classname="com.newland.boss.cib.crmp.rule.settleRuleControllerTest"/>
  <testcase name="testImportSettleApportionRule" time="0.897" classname="com.newland.boss.cib.crmp.rule.settleRuleControllerTest"/>
  <testcase name="testDeleteSettleApportionRule" time="0.016" classname="com.newland.boss.cib.crmp.rule.settleRuleControllerTest"/>
  <testcase name="testLoadAllSettleApportionRule" time="0.017" classname="com.newland.boss.cib.crmp.rule.settleRuleControllerTest"/>
  <testcase name="testAddSettleApportionRule" time="0.041" classname="com.newland.boss.cib.crmp.rule.settleRuleControllerTest"/>
  <testcase name="testExportSettleApportionRuleByParam" time="0.176" classname="com.newland.boss.cib.crmp.rule.settleRuleControllerTest"/>
  <testcase name="testShowRoleById" time="0.013" classname="com.newland.boss.cib.crmp.rule.settleRuleControllerTest"/>
  <testcase name="testEditSettleApportionRule" time="0.024" classname="com.newland.boss.cib.crmp.rule.settleRuleControllerTest"/>
  <testcase name="testLoadSettleApportionRuleByParam" time="0.027" classname="com.newland.boss.cib.crmp.rule.settleRuleControllerTest"/>
</testsuite> <!-- com.newland.boss.cib.crmp.rule.settleRuleControllerTest -->
