<?xml version="1.0" encoding="UTF-8"?>
<!-- Generated by org.testng.reporters.JUnitReportReporter -->
<testsuite skipped="0" hostname="DESKTOP-TI4FV56" name="com.newland.boss.cib.crmp.rule.RateRuleRelaControllerTest" tests="8" failures="0" timestamp="13 五月 2020 08:32:53 GMT" time="0.535" errors="0">
  <testcase name="testUpdateRateRuleRelaStatus" time="0.022" classname="com.newland.boss.cib.crmp.rule.RateRuleRelaControllerTest"/>
  <testcase name="testExportRateRule" time="0.285" classname="com.newland.boss.cib.crmp.rule.RateRuleRelaControllerTest"/>
  <testcase name="testDeleteRateRuleRela" time="0.011" classname="com.newland.boss.cib.crmp.rule.RateRuleRelaControllerTest"/>
  <testcase name="testShowRateRuleRelaByObjectId" time="0.038" classname="com.newland.boss.cib.crmp.rule.RateRuleRelaControllerTest"/>
  <testcase name="testRemoveRateRuleRelaByObjectIdForServiceImp" time="0.105" classname="com.newland.boss.cib.crmp.rule.RateRuleRelaControllerTest"/>
  <testcase name="testLoadRateRuleRelaByRuleItemId" time="0.031" classname="com.newland.boss.cib.crmp.rule.RateRuleRelaControllerTest"/>
  <testcase name="testAddRateRuleRela" time="0.018" classname="com.newland.boss.cib.crmp.rule.RateRuleRelaControllerTest"/>
  <testcase name="testAddRateRuleRelaByRuleId" time="0.025" classname="com.newland.boss.cib.crmp.rule.RateRuleRelaControllerTest"/>
</testsuite> <!-- com.newland.boss.cib.crmp.rule.RateRuleRelaControllerTest -->
