<?xml version="1.0" encoding="UTF-8"?>
<!-- Generated by org.testng.reporters.JUnitReportReporter -->
<testsuite skipped="0" hostname="DESKTOP-TI4FV56" name="com.newland.boss.cib.crmp.rule.settleRelaControllerTest" tests="9" failures="0" timestamp="13 五月 2020 08:32:53 GMT" time="0.443" errors="0">
  <testcase name="testAddSettleApportionRelaByRuleId" time="0.014" classname="com.newland.boss.cib.crmp.rule.settleRelaControllerTest"/>
  <testcase name="testSelectOrgSettleApportionRela" time="0.012" classname="com.newland.boss.cib.crmp.rule.settleRelaControllerTest"/>
  <testcase name="testDeleteSettleApportionRule" time="0.012" classname="com.newland.boss.cib.crmp.rule.settleRelaControllerTest"/>
  <testcase name="testModifySettleApportionRelaStatus" time="0.023" classname="com.newland.boss.cib.crmp.rule.settleRelaControllerTest"/>
  <testcase name="testExportSettleApportionRelaByParam" time="0.275" classname="com.newland.boss.cib.crmp.rule.settleRelaControllerTest"/>
  <testcase name="testloadSettleApportionRelaByRuleId" time="0.011" classname="com.newland.boss.cib.crmp.rule.settleRelaControllerTest"/>
  <testcase name="testSelectSettleApportionRela" time="0.044" classname="com.newland.boss.cib.crmp.rule.settleRelaControllerTest"/>
  <testcase name="testCombinQuerySettleApportionRela" time="0.041" classname="com.newland.boss.cib.crmp.rule.settleRelaControllerTest"/>
  <testcase name="testloadSettleApportionRelaByOrgId" time="0.011" classname="com.newland.boss.cib.crmp.rule.settleRelaControllerTest"/>
</testsuite> <!-- com.newland.boss.cib.crmp.rule.settleRelaControllerTest -->
