<?xml version="1.0" encoding="UTF-8"?>
<!-- Generated by org.testng.reporters.JUnitReportReporter -->
<testsuite skipped="0" hostname="DESKTOP-TI4FV56" name="com.newland.boss.cib.crmp.rule.RateRuleControllerTest" tests="8" failures="0" timestamp="13 五月 2020 08:32:53 GMT" time="1.702" errors="0">
  <testcase name="testEditRateRule" time="0.023" classname="com.newland.boss.cib.crmp.rule.RateRuleControllerTest"/>
  <testcase name="testDeleteRateRule" time="0.283" classname="com.newland.boss.cib.crmp.rule.RateRuleControllerTest"/>
  <testcase name="testAddRateRule" time="0.356" classname="com.newland.boss.cib.crmp.rule.RateRuleControllerTest"/>
  <testcase name="testSelectRateRule" time="0.153" classname="com.newland.boss.cib.crmp.rule.RateRuleControllerTest"/>
  <testcase name="testImportRateRuleForService" time="0.494" classname="com.newland.boss.cib.crmp.rule.RateRuleControllerTest"/>
  <testcase name="testSelectRateRuleToDistribute" time="0.020" classname="com.newland.boss.cib.crmp.rule.RateRuleControllerTest"/>
  <testcase name="testUpdateRateRuleStatus" time="0.015" classname="com.newland.boss.cib.crmp.rule.RateRuleControllerTest"/>
  <testcase name="testExportRateRule" time="0.358" classname="com.newland.boss.cib.crmp.rule.RateRuleControllerTest"/>
</testsuite> <!-- com.newland.boss.cib.crmp.rule.RateRuleControllerTest -->
