<?xml version="1.0" encoding="UTF-8"?>
<!-- Generated by org.testng.reporters.JUnitReportReporter -->
<testsuite skipped="0" hostname="DESKTOP-TI4FV56" name="com.newland.boss.kpi.server.impl.AppTest" tests="1" failures="0" timestamp="13 五月 2020 08:31:27 GMT" time="0.009" errors="0">
  <testcase name="testApp" time="0.009" classname="com.newland.boss.kpi.server.impl.AppTest"/>
</testsuite> <!-- com.newland.boss.kpi.server.impl.AppTest -->
