<?xml version="1.0" encoding="UTF-8"?>
<!-- Generated by org.testng.reporters.JUnitReportReporter -->
<testsuite skipped="0" hostname="DESKTOP-TI4FV56" name="com.newland.boss.cib.crmp.domain.DomainTest" tests="1" failures="0" timestamp="13 五月 2020 08:32:14 GMT" time="0.330" errors="0">
  <testcase name="test" time="0.330" classname="com.newland.boss.cib.crmp.domain.DomainTest"/>
</testsuite> <!-- com.newland.boss.cib.crmp.domain.DomainTest -->
