<?xml version="1.0" encoding="UTF-8"?>
<testsuite xmlns:xsi="http://www.w3.org/2001/XMLSchema-instance" xsi:noNamespaceSchemaLocation="https://maven.apache.org/surefire/maven-surefire-plugin/xsd/surefire-test-report.xsd" name="TestSuite" time="16.907" tests="45" errors="0" skipped="0" failures="0">
  <properties>
    <property name="sun.desktop" value="windows"/>
    <property name="awt.toolkit" value="sun.awt.windows.WToolkit"/>
    <property name="file.encoding.pkg" value="sun.io"/>
    <property name="java.specification.version" value="1.8"/>
    <property name="sun.cpu.isalist" value="amd64"/>
    <property name="sun.jnu.encoding" value="GBK"/>
    <property name="java.class.path" value="F:\lfp\bossweb-ex-dev\Code\cib-crmp\cib-crmp-settle\target\test-classes;F:\lfp\bossweb-ex-dev\Code\cib-crmp\cib-crmp-settle\target\classes;F:\maven\org\apache\logging\log4j\log4j-core\2.10.0\log4j-core-2.10.0.jar;F:\maven\org\apache\logging\log4j\log4j-api\2.10.0\log4j-api-2.10.0.jar;F:\maven\org\springframework\spring-core\5.0.4.RELEASE\spring-core-5.0.4.RELEASE.jar;F:\maven\org\springframework\spring-jcl\5.0.4.RELEASE\spring-jcl-5.0.4.RELEASE.jar;F:\maven\org\springframework\spring-web\5.0.4.RELEASE\spring-web-5.0.4.RELEASE.jar;F:\maven\org\springframework\spring-webmvc\5.0.4.RELEASE\spring-webmvc-5.0.4.RELEASE.jar;F:\maven\org\springframework\spring-aop\5.0.4.RELEASE\spring-aop-5.0.4.RELEASE.jar;F:\maven\org\springframework\spring-expression\5.0.4.RELEASE\spring-expression-5.0.4.RELEASE.jar;F:\maven\org\springframework\spring-tx\5.0.4.RELEASE\spring-tx-5.0.4.RELEASE.jar;F:\maven\org\springframework\spring-beans\5.0.4.RELEASE\spring-beans-5.0.4.RELEASE.jar;F:\maven\org\springframework\spring-jdbc\5.0.4.RELEASE\spring-jdbc-5.0.4.RELEASE.jar;F:\maven\org\springframework\spring-test\5.0.4.RELEASE\spring-test-5.0.4.RELEASE.jar;F:\maven\org\springframework\spring-context\5.0.4.RELEASE\spring-context-5.0.4.RELEASE.jar;F:\maven\org\mybatis\mybatis\3.4.5\mybatis-3.4.5.jar;F:\maven\org\mybatis\mybatis-spring\1.3.1\mybatis-spring-1.3.1.jar;F:\maven\com\oracle\ojdbc6\12.1.0.1-atlassian-hosted\ojdbc6-12.1.0.1-atlassian-hosted.jar;F:\maven\com\alibaba\druid\1.1.8\druid-1.1.8.jar;F:\maven\org\codehaus\jackson\jackson-mapper-asl\1.9.13\jackson-mapper-asl-1.9.13.jar;F:\maven\org\codehaus\jackson\jackson-core-asl\1.9.13\jackson-core-asl-1.9.13.jar;F:\maven\com\alibaba\fastjson\1.2.46\fastjson-1.2.46.jar;F:\maven\com\fasterxml\jackson\core\jackson-annotations\2.9.4\jackson-annotations-2.9.4.jar;F:\maven\com\fasterxml\jackson\core\jackson-core\2.9.4\jackson-core-2.9.4.jar;F:\maven\com\fasterxml\jackson\core\jackson-databind\2.9.4\jackson-databind-2.9.4.jar;F:\maven\org\mockito\mockito-all\2.0.2-beta\mockito-all-2.0.2-beta.jar;F:\maven\org\testng\testng\6.11\testng-6.11.jar;F:\maven\com\beust\jcommander\1.48\jcommander-1.48.jar;F:\maven\org\yaml\snakeyaml\1.17\snakeyaml-1.17.jar;F:\maven\junit\junit\3.8.1\junit-3.8.1.jar;F:\lfp\bossweb-ex-dev\Code\cib-crmp\cib-crmp-common\target\cib-crmp-common-0.0.1-SNAPSHOT.jar;F:\maven\org\powermock\powermock-module-junit4\1.6.5\powermock-module-junit4-1.6.5.jar;F:\maven\org\powermock\powermock-module-junit4-common\1.6.5\powermock-module-junit4-common-1.6.5.jar;F:\maven\org\powermock\powermock-module-testng-common\1.6.5\powermock-module-testng-common-1.6.5.jar;F:\maven\org\powermock\powermock-core\1.6.5\powermock-core-1.6.5.jar;F:\maven\org\javassist\javassist\3.20.0-GA\javassist-3.20.0-GA.jar;F:\maven\org\powermock\powermock-api-support\1.6.5\powermock-api-support-1.6.5.jar;F:\maven\org\powermock\powermock-reflect\1.6.5\powermock-reflect-1.6.5.jar;F:\maven\org\objenesis\objenesis\2.2\objenesis-2.2.jar;F:\maven\net\sourceforge\jexcelapi\jxl\2.6.12\jxl-2.6.12.jar;F:\maven\log4j\log4j\1.2.14\log4j-1.2.14.jar;F:\maven\net\sf\json-lib\json-lib\2.4\json-lib-2.4-jdk15.jar;F:\maven\commons-beanutils\commons-beanutils\1.8.0\commons-beanutils-1.8.0.jar;F:\maven\commons-collections\commons-collections\3.2.1\commons-collections-3.2.1.jar;F:\maven\commons-lang\commons-lang\2.6\commons-lang-2.6.jar;F:\maven\commons-logging\commons-logging\1.1.1\commons-logging-1.1.1.jar;F:\maven\net\sf\ezmorph\ezmorph\1.0.6\ezmorph-1.0.6.jar;F:\maven\commons-io\commons-io\2.4\commons-io-2.4.jar;F:\maven\javax\servlet\javax.servlet-api\3.0.1\javax.servlet-api-3.0.1.jar;F:\maven\net\sf\jasperreports\jasperreports\5.6.0\jasperreports-5.6.0.jar;F:\maven\commons-digester\commons-digester\2.1\commons-digester-2.1.jar;F:\maven\jfree\jcommon\1.0.15\jcommon-1.0.15.jar;F:\maven\jfree\jfreechart\1.0.12\jfreechart-1.0.12.jar;F:\maven\xml-apis\xml-apis\1.3.02\xml-apis-1.3.02.jar;F:\maven\eclipse\jdtcore\3.1.0\jdtcore-3.1.0.jar;F:\maven\org\codehaus\castor\castor\1.2\castor-1.2.jar;F:\maven\org\apache\lucene\lucene-core\4.5.1\lucene-core-4.5.1.jar;F:\maven\org\apache\lucene\lucene-analyzers-common\4.5.1\lucene-analyzers-common-4.5.1.jar;F:\maven\org\apache\lucene\lucene-queryparser\4.5.1\lucene-queryparser-4.5.1.jar;F:\maven\org\apache\lucene\lucene-queries\4.5.1\lucene-queries-4.5.1.jar;F:\maven\org\apache\lucene\lucene-sandbox\4.5.1\lucene-sandbox-4.5.1.jar;F:\maven\jakarta-regexp\jakarta-regexp\1.4\jakarta-regexp-1.4.jar;F:\maven\org\codehaus\groovy\groovy-all\2.1.7\groovy-all-2.1.7.jar;F:\maven\com\lowagie\itext\2.1.7\itext-2.1.7.jar;F:\maven\bouncycastle\bcmail-jdk14\138\bcmail-jdk14-138.jar;F:\maven\bouncycastle\bcprov-jdk14\138\bcprov-jdk14-138.jar;F:\maven\org\bouncycastle\bctsp-jdk14\1.38\bctsp-jdk14-1.38.jar;F:\maven\org\bouncycastle\bcprov-jdk14\1.38\bcprov-jdk14-1.38.jar;F:\maven\org\bouncycastle\bcmail-jdk14\1.38\bcmail-jdk14-1.38.jar;F:\maven\org\olap4j\olap4j\0.9.7.309\olap4j-0.9.7.309.jar;F:\maven\commons-fileupload\commons-fileupload\1.3.2\commons-fileupload-1.3.2.jar;F:\lfp\bossweb-ex-dev\Code\cib-crmp\cib-crmp-domain\target\cib-crmp-domain-0.0.1-SNAPSHOT.jar;F:\lfp\bossweb-ex-dev\Code\cib-crmp\cib-crmp-rule\target\cib-crmp-rule-0.0.1-SNAPSHOT.jar;F:\maven\com\google\code\gson\gson\2.8.2\gson-2.8.2.jar;F:\maven\org\seleniumhq\selenium\selenium-java\3.10.0\selenium-java-3.10.0.jar;F:\maven\org\seleniumhq\selenium\selenium-api\3.10.0\selenium-api-3.10.0.jar;F:\maven\org\seleniumhq\selenium\selenium-chrome-driver\3.10.0\selenium-chrome-driver-3.10.0.jar;F:\maven\org\seleniumhq\selenium\selenium-edge-driver\3.10.0\selenium-edge-driver-3.10.0.jar;F:\maven\org\seleniumhq\selenium\selenium-ie-driver\3.10.0\selenium-ie-driver-3.10.0.jar;F:\maven\org\seleniumhq\selenium\selenium-opera-driver\3.10.0\selenium-opera-driver-3.10.0.jar;F:\maven\org\seleniumhq\selenium\selenium-remote-driver\3.10.0\selenium-remote-driver-3.10.0.jar;F:\maven\org\seleniumhq\selenium\selenium-safari-driver\3.10.0\selenium-safari-driver-3.10.0.jar;F:\maven\org\seleniumhq\selenium\selenium-support\3.10.0\selenium-support-3.10.0.jar;F:\maven\net\bytebuddy\byte-buddy\1.7.9\byte-buddy-1.7.9.jar;F:\maven\org\apache\commons\commons-exec\1.3\commons-exec-1.3.jar;F:\maven\commons-codec\commons-codec\1.10\commons-codec-1.10.jar;F:\maven\com\google\guava\guava\23.6-jre\guava-23.6-jre.jar;F:\maven\com\google\code\findbugs\jsr305\1.3.9\jsr305-1.3.9.jar;F:\maven\org\checkerframework\checker-compat-qual\2.0.0\checker-compat-qual-2.0.0.jar;F:\maven\com\google\errorprone\error_prone_annotations\2.1.3\error_prone_annotations-2.1.3.jar;F:\maven\com\google\j2objc\j2objc-annotations\1.1\j2objc-annotations-1.1.jar;F:\maven\org\codehaus\mojo\animal-sniffer-annotations\1.14\animal-sniffer-annotations-1.14.jar;F:\maven\org\apache\httpcomponents\httpclient\4.5.3\httpclient-4.5.3.jar;F:\maven\org\apache\httpcomponents\httpcore\4.4.6\httpcore-4.4.6.jar;F:\maven\com\squareup\okhttp3\okhttp\3.9.1\okhttp-3.9.1.jar;F:\maven\com\squareup\okio\okio\1.13.0\okio-1.13.0.jar;F:\maven\org\seleniumhq\selenium\selenium-firefox-driver\3.10.0\selenium-firefox-driver-3.10.0.jar;F:\maven\com\newland\boss\kpi\bosskpi-admin\0.0.1-SNAPSHOT\bosskpi-admin-0.0.1-SNAPSHOT.jar;F:\maven\com\github\pagehelper\pagehelper\5.1.2\pagehelper-5.1.2.jar;F:\maven\com\github\jsqlparser\jsqlparser\1.0\jsqlparser-1.0.jar;F:\maven\com\newland\boss\kpi\bosskpi-server\0.0.1-SNAPSHOT\bosskpi-server-0.0.1-SNAPSHOT.jar;F:\maven\org\springframework\security\spring-security-core\5.0.3.RELEASE\spring-security-core-5.0.3.RELEASE.jar;F:\maven\org\springframework\security\spring-security-config\5.0.3.RELEASE\spring-security-config-5.0.3.RELEASE.jar;F:\maven\org\springframework\security\spring-security-web\5.0.3.RELEASE\spring-security-web-5.0.3.RELEASE.jar;F:\maven\org\springframework\security\spring-security-taglibs\5.0.3.RELEASE\spring-security-taglibs-5.0.3.RELEASE.jar;F:\maven\org\springframework\security\spring-security-acl\5.0.3.RELEASE\spring-security-acl-5.0.3.RELEASE.jar;F:\maven\javax\javaee-api\7.0\javaee-api-7.0.jar;F:\maven\com\sun\mail\javax.mail\1.5.0\javax.mail-1.5.0.jar;F:\maven\javax\activation\activation\1.1\activation-1.1.jar;F:\maven\javax\validation\validation-api\1.1.0.Final\validation-api-1.1.0.Final.jar;F:\maven\org\hibernate\hibernate-validator\5.2.4.Final\hibernate-validator-5.2.4.Final.jar;F:\maven\org\jboss\logging\jboss-logging\3.2.1.Final\jboss-logging-3.2.1.Final.jar;F:\maven\com\fasterxml\classmate\1.1.0\classmate-1.1.0.jar;F:\maven\com\newland\boss\kpi\bosskpi-server-impl\0.0.1-SNAPSHOT\bosskpi-server-impl-0.0.1-SNAPSHOT.jar;F:\maven\org\apache\maven\surefire\surefire-testng-utils\2.21.0\surefire-testng-utils-2.21.0.jar;F:\maven\org\apache\maven\surefire\surefire-grouper\2.21.0\surefire-grouper-2.21.0.jar;"/>
    <property name="java.vm.vendor" value="Oracle Corporation"/>
    <property name="sun.arch.data.model" value="64"/>
    <property name="user.variant" value=""/>
    <property name="java.vendor.url" value="http://java.oracle.com/"/>
    <property name="user.timezone" value=""/>
    <property name="java.vm.specification.version" value="1.8"/>
    <property name="os.name" value="Windows 10"/>
    <property name="user.country" value="CN"/>
    <property name="sun.java.launcher" value="SUN_STANDARD"/>
    <property name="sun.boot.library.path" value="C:\Program Files\Java\jdk1.8.0_91\jre\bin"/>
    <property name="sun.java.command" value="C:\Users\asus\AppData\Local\Temp\surefire8405085034429497519\surefirebooter879705849974409951.jar C:\Users\asus\AppData\Local\Temp\surefire8405085034429497519 2020-05-13T16-32-08_019-jvmRun1 surefire993329406622287051tmp surefire_33647680106938439864tmp"/>
    <property name="surefire.test.class.path" value="F:\lfp\bossweb-ex-dev\Code\cib-crmp\cib-crmp-settle\target\test-classes;F:\lfp\bossweb-ex-dev\Code\cib-crmp\cib-crmp-settle\target\classes;F:\maven\org\apache\logging\log4j\log4j-core\2.10.0\log4j-core-2.10.0.jar;F:\maven\org\apache\logging\log4j\log4j-api\2.10.0\log4j-api-2.10.0.jar;F:\maven\org\springframework\spring-core\5.0.4.RELEASE\spring-core-5.0.4.RELEASE.jar;F:\maven\org\springframework\spring-jcl\5.0.4.RELEASE\spring-jcl-5.0.4.RELEASE.jar;F:\maven\org\springframework\spring-web\5.0.4.RELEASE\spring-web-5.0.4.RELEASE.jar;F:\maven\org\springframework\spring-webmvc\5.0.4.RELEASE\spring-webmvc-5.0.4.RELEASE.jar;F:\maven\org\springframework\spring-aop\5.0.4.RELEASE\spring-aop-5.0.4.RELEASE.jar;F:\maven\org\springframework\spring-expression\5.0.4.RELEASE\spring-expression-5.0.4.RELEASE.jar;F:\maven\org\springframework\spring-tx\5.0.4.RELEASE\spring-tx-5.0.4.RELEASE.jar;F:\maven\org\springframework\spring-beans\5.0.4.RELEASE\spring-beans-5.0.4.RELEASE.jar;F:\maven\org\springframework\spring-jdbc\5.0.4.RELEASE\spring-jdbc-5.0.4.RELEASE.jar;F:\maven\org\springframework\spring-test\5.0.4.RELEASE\spring-test-5.0.4.RELEASE.jar;F:\maven\org\springframework\spring-context\5.0.4.RELEASE\spring-context-5.0.4.RELEASE.jar;F:\maven\org\mybatis\mybatis\3.4.5\mybatis-3.4.5.jar;F:\maven\org\mybatis\mybatis-spring\1.3.1\mybatis-spring-1.3.1.jar;F:\maven\com\oracle\ojdbc6\12.1.0.1-atlassian-hosted\ojdbc6-12.1.0.1-atlassian-hosted.jar;F:\maven\com\alibaba\druid\1.1.8\druid-1.1.8.jar;F:\maven\org\codehaus\jackson\jackson-mapper-asl\1.9.13\jackson-mapper-asl-1.9.13.jar;F:\maven\org\codehaus\jackson\jackson-core-asl\1.9.13\jackson-core-asl-1.9.13.jar;F:\maven\com\alibaba\fastjson\1.2.46\fastjson-1.2.46.jar;F:\maven\com\fasterxml\jackson\core\jackson-annotations\2.9.4\jackson-annotations-2.9.4.jar;F:\maven\com\fasterxml\jackson\core\jackson-core\2.9.4\jackson-core-2.9.4.jar;F:\maven\com\fasterxml\jackson\core\jackson-databind\2.9.4\jackson-databind-2.9.4.jar;F:\maven\org\mockito\mockito-all\2.0.2-beta\mockito-all-2.0.2-beta.jar;F:\maven\org\testng\testng\6.11\testng-6.11.jar;F:\maven\com\beust\jcommander\1.48\jcommander-1.48.jar;F:\maven\org\yaml\snakeyaml\1.17\snakeyaml-1.17.jar;F:\maven\junit\junit\3.8.1\junit-3.8.1.jar;F:\lfp\bossweb-ex-dev\Code\cib-crmp\cib-crmp-common\target\cib-crmp-common-0.0.1-SNAPSHOT.jar;F:\maven\org\powermock\powermock-module-junit4\1.6.5\powermock-module-junit4-1.6.5.jar;F:\maven\org\powermock\powermock-module-junit4-common\1.6.5\powermock-module-junit4-common-1.6.5.jar;F:\maven\org\powermock\powermock-module-testng-common\1.6.5\powermock-module-testng-common-1.6.5.jar;F:\maven\org\powermock\powermock-core\1.6.5\powermock-core-1.6.5.jar;F:\maven\org\javassist\javassist\3.20.0-GA\javassist-3.20.0-GA.jar;F:\maven\org\powermock\powermock-api-support\1.6.5\powermock-api-support-1.6.5.jar;F:\maven\org\powermock\powermock-reflect\1.6.5\powermock-reflect-1.6.5.jar;F:\maven\org\objenesis\objenesis\2.2\objenesis-2.2.jar;F:\maven\net\sourceforge\jexcelapi\jxl\2.6.12\jxl-2.6.12.jar;F:\maven\log4j\log4j\1.2.14\log4j-1.2.14.jar;F:\maven\net\sf\json-lib\json-lib\2.4\json-lib-2.4-jdk15.jar;F:\maven\commons-beanutils\commons-beanutils\1.8.0\commons-beanutils-1.8.0.jar;F:\maven\commons-collections\commons-collections\3.2.1\commons-collections-3.2.1.jar;F:\maven\commons-lang\commons-lang\2.6\commons-lang-2.6.jar;F:\maven\commons-logging\commons-logging\1.1.1\commons-logging-1.1.1.jar;F:\maven\net\sf\ezmorph\ezmorph\1.0.6\ezmorph-1.0.6.jar;F:\maven\commons-io\commons-io\2.4\commons-io-2.4.jar;F:\maven\javax\servlet\javax.servlet-api\3.0.1\javax.servlet-api-3.0.1.jar;F:\maven\net\sf\jasperreports\jasperreports\5.6.0\jasperreports-5.6.0.jar;F:\maven\commons-digester\commons-digester\2.1\commons-digester-2.1.jar;F:\maven\jfree\jcommon\1.0.15\jcommon-1.0.15.jar;F:\maven\jfree\jfreechart\1.0.12\jfreechart-1.0.12.jar;F:\maven\xml-apis\xml-apis\1.3.02\xml-apis-1.3.02.jar;F:\maven\eclipse\jdtcore\3.1.0\jdtcore-3.1.0.jar;F:\maven\org\codehaus\castor\castor\1.2\castor-1.2.jar;F:\maven\org\apache\lucene\lucene-core\4.5.1\lucene-core-4.5.1.jar;F:\maven\org\apache\lucene\lucene-analyzers-common\4.5.1\lucene-analyzers-common-4.5.1.jar;F:\maven\org\apache\lucene\lucene-queryparser\4.5.1\lucene-queryparser-4.5.1.jar;F:\maven\org\apache\lucene\lucene-queries\4.5.1\lucene-queries-4.5.1.jar;F:\maven\org\apache\lucene\lucene-sandbox\4.5.1\lucene-sandbox-4.5.1.jar;F:\maven\jakarta-regexp\jakarta-regexp\1.4\jakarta-regexp-1.4.jar;F:\maven\org\codehaus\groovy\groovy-all\2.1.7\groovy-all-2.1.7.jar;F:\maven\com\lowagie\itext\2.1.7\itext-2.1.7.jar;F:\maven\bouncycastle\bcmail-jdk14\138\bcmail-jdk14-138.jar;F:\maven\bouncycastle\bcprov-jdk14\138\bcprov-jdk14-138.jar;F:\maven\org\bouncycastle\bctsp-jdk14\1.38\bctsp-jdk14-1.38.jar;F:\maven\org\bouncycastle\bcprov-jdk14\1.38\bcprov-jdk14-1.38.jar;F:\maven\org\bouncycastle\bcmail-jdk14\1.38\bcmail-jdk14-1.38.jar;F:\maven\org\olap4j\olap4j\0.9.7.309\olap4j-0.9.7.309.jar;F:\maven\commons-fileupload\commons-fileupload\1.3.2\commons-fileupload-1.3.2.jar;F:\lfp\bossweb-ex-dev\Code\cib-crmp\cib-crmp-domain\target\cib-crmp-domain-0.0.1-SNAPSHOT.jar;F:\lfp\bossweb-ex-dev\Code\cib-crmp\cib-crmp-rule\target\cib-crmp-rule-0.0.1-SNAPSHOT.jar;F:\maven\com\google\code\gson\gson\2.8.2\gson-2.8.2.jar;F:\maven\org\seleniumhq\selenium\selenium-java\3.10.0\selenium-java-3.10.0.jar;F:\maven\org\seleniumhq\selenium\selenium-api\3.10.0\selenium-api-3.10.0.jar;F:\maven\org\seleniumhq\selenium\selenium-chrome-driver\3.10.0\selenium-chrome-driver-3.10.0.jar;F:\maven\org\seleniumhq\selenium\selenium-edge-driver\3.10.0\selenium-edge-driver-3.10.0.jar;F:\maven\org\seleniumhq\selenium\selenium-ie-driver\3.10.0\selenium-ie-driver-3.10.0.jar;F:\maven\org\seleniumhq\selenium\selenium-opera-driver\3.10.0\selenium-opera-driver-3.10.0.jar;F:\maven\org\seleniumhq\selenium\selenium-remote-driver\3.10.0\selenium-remote-driver-3.10.0.jar;F:\maven\org\seleniumhq\selenium\selenium-safari-driver\3.10.0\selenium-safari-driver-3.10.0.jar;F:\maven\org\seleniumhq\selenium\selenium-support\3.10.0\selenium-support-3.10.0.jar;F:\maven\net\bytebuddy\byte-buddy\1.7.9\byte-buddy-1.7.9.jar;F:\maven\org\apache\commons\commons-exec\1.3\commons-exec-1.3.jar;F:\maven\commons-codec\commons-codec\1.10\commons-codec-1.10.jar;F:\maven\com\google\guava\guava\23.6-jre\guava-23.6-jre.jar;F:\maven\com\google\code\findbugs\jsr305\1.3.9\jsr305-1.3.9.jar;F:\maven\org\checkerframework\checker-compat-qual\2.0.0\checker-compat-qual-2.0.0.jar;F:\maven\com\google\errorprone\error_prone_annotations\2.1.3\error_prone_annotations-2.1.3.jar;F:\maven\com\google\j2objc\j2objc-annotations\1.1\j2objc-annotations-1.1.jar;F:\maven\org\codehaus\mojo\animal-sniffer-annotations\1.14\animal-sniffer-annotations-1.14.jar;F:\maven\org\apache\httpcomponents\httpclient\4.5.3\httpclient-4.5.3.jar;F:\maven\org\apache\httpcomponents\httpcore\4.4.6\httpcore-4.4.6.jar;F:\maven\com\squareup\okhttp3\okhttp\3.9.1\okhttp-3.9.1.jar;F:\maven\com\squareup\okio\okio\1.13.0\okio-1.13.0.jar;F:\maven\org\seleniumhq\selenium\selenium-firefox-driver\3.10.0\selenium-firefox-driver-3.10.0.jar;F:\maven\com\newland\boss\kpi\bosskpi-admin\0.0.1-SNAPSHOT\bosskpi-admin-0.0.1-SNAPSHOT.jar;F:\maven\com\github\pagehelper\pagehelper\5.1.2\pagehelper-5.1.2.jar;F:\maven\com\github\jsqlparser\jsqlparser\1.0\jsqlparser-1.0.jar;F:\maven\com\newland\boss\kpi\bosskpi-server\0.0.1-SNAPSHOT\bosskpi-server-0.0.1-SNAPSHOT.jar;F:\maven\org\springframework\security\spring-security-core\5.0.3.RELEASE\spring-security-core-5.0.3.RELEASE.jar;F:\maven\org\springframework\security\spring-security-config\5.0.3.RELEASE\spring-security-config-5.0.3.RELEASE.jar;F:\maven\org\springframework\security\spring-security-web\5.0.3.RELEASE\spring-security-web-5.0.3.RELEASE.jar;F:\maven\org\springframework\security\spring-security-taglibs\5.0.3.RELEASE\spring-security-taglibs-5.0.3.RELEASE.jar;F:\maven\org\springframework\security\spring-security-acl\5.0.3.RELEASE\spring-security-acl-5.0.3.RELEASE.jar;F:\maven\javax\javaee-api\7.0\javaee-api-7.0.jar;F:\maven\com\sun\mail\javax.mail\1.5.0\javax.mail-1.5.0.jar;F:\maven\javax\activation\activation\1.1\activation-1.1.jar;F:\maven\javax\validation\validation-api\1.1.0.Final\validation-api-1.1.0.Final.jar;F:\maven\org\hibernate\hibernate-validator\5.2.4.Final\hibernate-validator-5.2.4.Final.jar;F:\maven\org\jboss\logging\jboss-logging\3.2.1.Final\jboss-logging-3.2.1.Final.jar;F:\maven\com\fasterxml\classmate\1.1.0\classmate-1.1.0.jar;F:\maven\com\newland\boss\kpi\bosskpi-server-impl\0.0.1-SNAPSHOT\bosskpi-server-impl-0.0.1-SNAPSHOT.jar;F:\maven\org\apache\maven\surefire\surefire-testng-utils\2.21.0\surefire-testng-utils-2.21.0.jar;F:\maven\org\apache\maven\surefire\surefire-grouper\2.21.0\surefire-grouper-2.21.0.jar;"/>
    <property name="sun.cpu.endian" value="little"/>
    <property name="user.home" value="C:\Users\asus"/>
    <property name="user.language" value="zh"/>
    <property name="java.specification.vendor" value="Oracle Corporation"/>
    <property name="java.home" value="C:\Program Files\Java\jdk1.8.0_91\jre"/>
    <property name="basedir" value="F:\lfp\bossweb-ex-dev\Code\cib-crmp\cib-crmp-settle"/>
    <property name="file.separator" value="\"/>
    <property name="line.separator" value="&#10;"/>
    <property name="java.vm.specification.vendor" value="Oracle Corporation"/>
    <property name="java.specification.name" value="Java Platform API Specification"/>
    <property name="java.awt.graphicsenv" value="sun.awt.Win32GraphicsEnvironment"/>
    <property name="surefire.real.class.path" value="C:\Users\asus\AppData\Local\Temp\surefire8405085034429497519\surefirebooter879705849974409951.jar;F:\\maven\\org\\jacoco\\org.jacoco.agent\\0.8.1\\org.jacoco.agent-0.8.1-runtime.jar"/>
    <property name="sun.boot.class.path" value="C:\Program Files\Java\jdk1.8.0_91\jre\lib\resources.jar;C:\Program Files\Java\jdk1.8.0_91\jre\lib\rt.jar;C:\Program Files\Java\jdk1.8.0_91\jre\lib\sunrsasign.jar;C:\Program Files\Java\jdk1.8.0_91\jre\lib\jsse.jar;C:\Program Files\Java\jdk1.8.0_91\jre\lib\jce.jar;C:\Program Files\Java\jdk1.8.0_91\jre\lib\charsets.jar;C:\Program Files\Java\jdk1.8.0_91\jre\lib\jfr.jar;C:\Program Files\Java\jdk1.8.0_91\jre\classes"/>
    <property name="user.script" value=""/>
    <property name="sun.management.compiler" value="HotSpot 64-Bit Tiered Compilers"/>
    <property name="java.runtime.version" value="1.8.0_91-b14"/>
    <property name="user.name" value="asus"/>
    <property name="path.separator" value=";"/>
    <property name="os.version" value="10.0"/>
    <property name="java.endorsed.dirs" value="C:\Program Files\Java\jdk1.8.0_91\jre\lib\endorsed"/>
    <property name="java.runtime.name" value="Java(TM) SE Runtime Environment"/>
    <property name="file.encoding" value="GBK"/>
    <property name="java.vm.name" value="Java HotSpot(TM) 64-Bit Server VM"/>
    <property name="localRepository" value="F:\maven"/>
    <property name="java.vendor.url.bug" value="http://bugreport.sun.com/bugreport/"/>
    <property name="java.io.tmpdir" value="C:\Users\asus\AppData\Local\Temp\"/>
    <property name="idea.version" value="2017.2.4"/>
    <property name="java.version" value="1.8.0_91"/>
    <property name="user.dir" value="F:\lfp\bossweb-ex-dev\Code\cib-crmp\cib-crmp-settle"/>
    <property name="os.arch" value="amd64"/>
    <property name="java.vm.specification.name" value="Java Virtual Machine Specification"/>
    <property name="java.awt.printerjob" value="sun.awt.windows.WPrinterJob"/>
    <property name="sun.os.patch.level" value=""/>
    <property name="java.library.path" value="C:\Program Files\Java\jdk1.8.0_91\jre\bin;C:\Windows\Sun\Java\bin;C:\Windows\system32;C:\Windows;；c:\windows\system32;;JAVA_HOME%\bin;C:\Program Files\Java\jdk1.8.0_91\jre\bin;c:\windows\system32;C:\Program Files\TortoiseSVN\bin;C:\Program Files (x86)\PLSQL Developer;C:\Program Files (x86)\Microsoft SQL Server\100\Tools\Binn\;C:\Program Files (x86)\Microsoft SQL Server\100\DTS\Binn\;C:\Program Files (x86)\Microsoft SQL Server\100\Tools\Binn\VSShell\Common7\IDE\;D:\Git\cmd;F:\apache-maven-3.2.1\apache-maven-3.2.1/bin%;F:\apache-maven-3.2.1\apache-maven-3.2.1/bin;D:\node\;C:\Program Files\TortoiseGit\bin;；c:\windows\system32;C:\Users\asus\AppData\Local\BypassRuntm;C:\Users\asus\AppData\Roaming\npm;D:\node;;E:\Microsoft VS Code\bin;."/>
    <property name="java.vm.info" value="mixed mode"/>
    <property name="java.vendor" value="Oracle Corporation"/>
    <property name="java.vm.version" value="25.91-b14"/>
    <property name="java.ext.dirs" value="C:\Program Files\Java\jdk1.8.0_91\jre\lib\ext;C:\Windows\Sun\Java\lib\ext"/>
    <property name="sun.io.unicode.encoding" value="UnicodeLittle"/>
    <property name="maven.repo.local" value="F:\maven"/>
    <property name="java.class.version" value="52.0"/>
  </properties>
  <testcase name="billSummingUsrDayServiceTest" classname="com.newland.boss.cib.crmp.settle.AnalysisControllerTest" time="0.036"/>
  <testcase name="testBillSummingOrgDay" classname="com.newland.boss.cib.crmp.settle.AnalysisControllerTest" time="0.002"/>
  <testcase name="testBillSummingUsrDay" classname="com.newland.boss.cib.crmp.settle.AnalysisControllerTest" time="0.002"/>
  <testcase name="testGetFeeAnalysisBar" classname="com.newland.boss.cib.crmp.settle.AnalysisControllerTest" time="0.474"/>
  <testcase name="testGetFeeAnalysisBar1" classname="com.newland.boss.cib.crmp.settle.AnalysisControllerTest" time="0.037"/>
  <testcase name="testGetFeeAnalysisBar2" classname="com.newland.boss.cib.crmp.settle.AnalysisControllerTest" time="0.005"/>
  <testcase name="testGetFeeAnalysisLine" classname="com.newland.boss.cib.crmp.settle.AnalysisControllerTest" time="0.004"/>
  <testcase name="testGetFeeAnalysisLine1" classname="com.newland.boss.cib.crmp.settle.AnalysisControllerTest" time="0.008"/>
  <testcase name="testGetFeeAnalysisLine2" classname="com.newland.boss.cib.crmp.settle.AnalysisControllerTest" time="0.014"/>
  <testcase name="testGetFeeAnalysisPie" classname="com.newland.boss.cib.crmp.settle.AnalysisControllerTest" time="0.002"/>
  <testcase name="testGetFeeAnalysisPie1" classname="com.newland.boss.cib.crmp.settle.AnalysisControllerTest" time="0.008"/>
  <testcase name="testGetFeeAnalysisPie2" classname="com.newland.boss.cib.crmp.settle.AnalysisControllerTest" time="0.002"/>
  <testcase name="batchQueryTest" classname="com.newland.boss.cib.crmp.settle.ReportControllerTest" time="0.18"/>
  <testcase name="downloadExcelTest" classname="com.newland.boss.cib.crmp.settle.ReportControllerTest" time="0.002"/>
  <testcase name="jsonToIntegerArrayTest" classname="com.newland.boss.cib.crmp.settle.ReportControllerTest" time="0.14"/>
  <testcase name="queryDeptFeeListTest" classname="com.newland.boss.cib.crmp.settle.ReportControllerTest" time="0.067"/>
  <testcase name="queryDeptFeeListTest1" classname="com.newland.boss.cib.crmp.settle.ReportControllerTest" time="0.002"/>
  <testcase name="stringToIntegerArrTest" classname="com.newland.boss.cib.crmp.settle.ReportControllerTest" time="0.014"/>
  <testcase name="testExportExcel" classname="com.newland.boss.cib.crmp.settle.ReportControllerTest" time="0.01"/>
  <testcase name="testExportExcel1" classname="com.newland.boss.cib.crmp.settle.ReportControllerTest" time="0.003"/>
  <testcase name="testExportExcel2" classname="com.newland.boss.cib.crmp.settle.ReportControllerTest" time="0.005"/>
  <testcase name="testExportExcel3" classname="com.newland.boss.cib.crmp.settle.ReportControllerTest" time="0.007"/>
  <testcase name="testExportExcel4" classname="com.newland.boss.cib.crmp.settle.ReportControllerTest" time="0.004"/>
  <testcase name="testExportExcel5" classname="com.newland.boss.cib.crmp.settle.ReportControllerTest" time="0.001"/>
  <testcase name="testExportExcel6" classname="com.newland.boss.cib.crmp.settle.ReportControllerTest" time="0.005"/>
  <testcase name="testPreviewReport" classname="com.newland.boss.cib.crmp.settle.ReportControllerTest" time="0.002"/>
  <testcase name="testPreviewReport1" classname="com.newland.boss.cib.crmp.settle.ReportControllerTest" time="0.009"/>
  <testcase name="testPreviewReport2" classname="com.newland.boss.cib.crmp.settle.ReportControllerTest" time="0.006"/>
  <testcase name="testPreviewReport3" classname="com.newland.boss.cib.crmp.settle.ReportControllerTest" time="0.019"/>
  <testcase name="testPreviewReport4" classname="com.newland.boss.cib.crmp.settle.ReportControllerTest" time="0.004"/>
  <testcase name="testPreviewReport5" classname="com.newland.boss.cib.crmp.settle.ReportControllerTest" time="0.007"/>
  <testcase name="testPreviewReport6" classname="com.newland.boss.cib.crmp.settle.ReportControllerTest" time="0.004"/>
  <testcase name="testPreviewReport7" classname="com.newland.boss.cib.crmp.settle.ReportControllerTest" time="0.004"/>
  <testcase name="testPreviewReport8" classname="com.newland.boss.cib.crmp.settle.ReportControllerTest" time="0.002"/>
  <testcase name="testQueryFeeList" classname="com.newland.boss.cib.crmp.settle.ReportControllerTest" time="0.005"/>
  <testcase name="testQueryFeeList1" classname="com.newland.boss.cib.crmp.settle.ReportControllerTest" time="0.004"/>
  <testcase name="testQueryFeeList2" classname="com.newland.boss.cib.crmp.settle.ReportControllerTest" time="0.007"/>
  <testcase name="testQueryFeeList3" classname="com.newland.boss.cib.crmp.settle.ReportControllerTest" time="0.005"/>
  <testcase name="testQueryNotActiveUserList" classname="com.newland.boss.cib.crmp.settle.ReportControllerTest" time="0.005"/>
  <testcase name="testQueryNotActiveUserList1" classname="com.newland.boss.cib.crmp.settle.ReportControllerTest" time="0.019"/>
  <testcase name="testQueryThresholdList" classname="com.newland.boss.cib.crmp.settle.ReportControllerTest" time="0.004"/>
  <testcase name="testQueryThresholdList1" classname="com.newland.boss.cib.crmp.settle.ReportControllerTest" time="0.01"/>
  <testcase name="testQueryTopNList" classname="com.newland.boss.cib.crmp.settle.ReportControllerTest" time="0.008"/>
  <testcase name="testQueryTopNList1" classname="com.newland.boss.cib.crmp.settle.ReportControllerTest" time="0.008"/>
  <testcase name="testQueryCallList" classname="com.newland.boss.cib.crmp.settle.CallListControllerTest" time="1.459"/>
</testsuite>