<?xml version="1.0" encoding="UTF-8"?>
<!-- Generated by org.testng.reporters.JUnitReportReporter -->
<testsuite name="com.newland.boss.cib.crmp.AppTest" tests="1" time="0.016" ignored="0" failures="0" timestamp="13 五月 2020 08:32:31 GMT" skipped="0" hostname="DESKTOP-TI4FV56" errors="0">
  <testcase name="testApp" time="0.016" classname="com.newland.boss.cib.crmp.AppTest"/>
</testsuite> <!-- com.newland.boss.cib.crmp.AppTest -->
