<?xml version="1.0" encoding="UTF-8"?>
<!-- Generated by org.testng.reporters.JUnitReportReporter -->
<testsuite skipped="0" hostname="DESKTOP-TI4FV56" name="com.newland.boss.cib.crmp.common.sm.SM4UtilsTest" tests="1" failures="0" timestamp="13 五月 2020 08:32:01 GMT" time="0.013" errors="0">
  <testcase name="testEncryptDataECB" time="0.013" classname="com.newland.boss.cib.crmp.common.sm.SM4UtilsTest"/>
</testsuite> <!-- com.newland.boss.cib.crmp.common.sm.SM4UtilsTest -->
