<?xml version="1.0" encoding="UTF-8"?>
<!-- Generated by org.testng.reporters.JUnitReportReporter -->
<testsuite name="com.newland.boss.cib.crmp.common.JxlToolTest" tests="1" time="3.314" ignored="0" failures="0" timestamp="13 五月 2020 08:32:30 GMT" skipped="0" hostname="DESKTOP-TI4FV56" errors="0">
  <testcase name="exportExcel" time="3.314" classname="com.newland.boss.cib.crmp.common.JxlToolTest"/>
</testsuite> <!-- com.newland.boss.cib.crmp.common.JxlToolTest -->
